<?xml version="1.0" encoding="UTF-8"?>
<testsuite xmlns:xsi="http://www.w3.org/2001/XMLSchema-instance" xsi:noNamespaceSchemaLocation="https://maven.apache.org/surefire/maven-surefire-plugin/xsd/surefire-test-report-3.0.xsd" version="3.0" name="com.cardoptimizer.api.EarnRateRepositoryTest" time="0.242" tests="3" errors="0" skipped="0" failures="0">
  <properties>
[...]
</properties>
  <testcase name="findByCardId_returnsRowsForKnownCardId" classname="com.cardoptimizer.api.EarnRateRepositoryTest" time="0.008">
    <system-out><![CDATA[2026-03-15T18:24:59.225-05:00  INFO 37783 --- [card-api] [           main] t.c.s.AnnotationConfigContextLoaderUtils : Could not detect default configuration classes for test class [com.cardoptimizer.api.EarnRateRepositoryTest]: EarnRateRepositoryTest does not declare any static, non-private, non-final, nested classes annotated with @Configuration.
2026-03-15T18:24:59.225-05:00  INFO 37783 --- [card-api] [           main] .b.t.c.SpringBootTestContextBootstrapper : Found @SpringBootConfiguration com.cardoptimizer.api.CardApiApplication for test class com.cardoptimizer.api.EarnRateRepositoryTest

  .   ____          _            __ _ _
 /\\ / ___'_ __ _ _(_)_ __  __ _ \ \ \ \
( ( )\___ | '_ | '_| | '_ \/ _` | \ \ \ \
 \\/  ___)| |_)| | | | | || (_| |  ) ) ) )
  '  |____| .__|_| |_|_| |_\__, | / / / /
 =========|_|==============|___/=/_/_/_/
 :: Spring Boot ::                (v3.2.3)

2026-03-15T18:24:59.236-05:00  INFO 37783 --- [card-api] [           main] c.c.api.EarnRateRepositoryTest           : Starting EarnRateRepositoryTest using Java 25.0.2 with PID 37783 (started by christopher in /Users/christopher/Documents/code/pocket)
2026-03-15T18:24:59.236-05:00 DEBUG 37783 --- [card-api] [           main] c.c.api.EarnRateRepositoryTest           : Running with Spring Boot v3.2.3, Spring v6.1.4
2026-03-15T18:24:59.236-05:00  INFO 37783 --- [card-api] [           main] c.c.api.EarnRateRepositoryTest           : No active profile set, falling back to 1 default profile: "default"
2026-03-15T18:24:59.280-05:00  INFO 37783 --- [card-api] [           main] .s.d.r.c.RepositoryConfigurationDelegate : Bootstrapping Spring Data JDBC repositories in DEFAULT mode.
2026-03-15T18:24:59.283-05:00  INFO 37783 --- [card-api] [           main] .s.d.r.c.RepositoryConfigurationDelegate : Finished Spring Data repository scanning in 2 ms. Found 1 JDBC repository interface.
2026-03-15T18:24:59.358-05:00  INFO 37783 --- [card-api] [           main] com.zaxxer.hikari.HikariDataSource       : HikariPool-2 - Starting...
2026-03-15T18:24:59.359-05:00  INFO 37783 --- [card-api] [           main] com.zaxxer.hikari.pool.HikariPool        : HikariPool-2 - Added connection org.sqlite.jdbc4.JDBC4Connection@3f36c191
2026-03-15T18:24:59.359-05:00  INFO 37783 --- [card-api] [           main] com.zaxxer.hikari.HikariDataSource       : HikariPool-2 - Start completed.
2026-03-15T18:24:59.361-05:00  INFO 37783 --- [card-api] [           main] org.flywaydb.core.FlywayExecutor         : Database: jdbc:sqlite:/Users/christopher/Documents/code/pocket-scraper/data/cardoptimizer.db (SQLite 3.51)
2026-03-15T18:24:59.362-05:00  INFO 37783 --- [card-api] [           main] o.f.core.internal.command.DbValidate     : Successfully validated 2 migrations (execution time 00:00.000s)
2026-03-15T18:24:59.362-05:00  INFO 37783 --- [card-api] [           main] o.f.core.internal.command.DbMigrate      : Current version of schema "main": 1
2026-03-15T18:24:59.362-05:00  INFO 37783 --- [card-api] [           main] o.f.core.internal.command.DbMigrate      : Schema "main" is up to date. No migration necessary.
2026-03-15T18:24:59.453-05:00  INFO 37783 --- [card-api] [           main] c.c.api.EarnRateRepositoryTest           : Started EarnRateRepositoryTest in 0.226 seconds (process running for 2.073)
]]></system-out>
  </testcase>
  <testcase name="findByCardId_returnsEmptyListWhenNoRows" classname="com.cardoptimizer.api.EarnRateRepositoryTest" time="0.001"/>
  <testcase name="findByCardId_returnsMultipleCategories" classname="com.cardoptimizer.api.EarnRateRepositoryTest" time="0.002"/>
</testsuite>